<?xml version="1.0" encoding="UTF-8"?>
<testsuite xmlns:xsi="http://www.w3.org/2001/XMLSchema-instance" xsi:noNamespaceSchemaLocation="https://maven.apache.org/surefire/maven-surefire-plugin/xsd/surefire-test-report.xsd" name="com.cloudacademy.bitcoin.ConverterSvcTest" time="0.18" tests="15" errors="0" skipped="0" failures="0">
  <properties>
[...]
</properties>
  <testcase name="getExchangeRate_GBP_ReturnsGBPExchangeRate" classname="com.cloudacademy.bitcoin.ConverterSvcTest" time="0.163"/>
  <testcase name="getExchangeRate_ClosingResponseThrowsIOException_ReturnsCorrectErrorCode" classname="com.cloudacademy.bitcoin.ConverterSvcTest" time="0.002"/>
  <testcase name="convertBitcoins_0BitCoinToGBP_ReturnsZeroGBPDollars" classname="com.cloudacademy.bitcoin.ConverterSvcTest" time="0.001"/>
  <testcase name="convertBitcoins_1BitCoinToEUR_ReturnsEURDollars" classname="com.cloudacademy.bitcoin.ConverterSvcTest" time="0.001"/>
  <testcase name="convertBitcoins_0BitCoinToEUR_ReturnsZeroEURDollars" classname="com.cloudacademy.bitcoin.ConverterSvcTest" time="0.001"/>
  <testcase name="convertBitcoins_2BitCoinToEUR_ReturnsEURDollars" classname="com.cloudacademy.bitcoin.ConverterSvcTest" time="0"/>
  <testcase name="convertBitcoins_503ServiceUnavailable_ReturnsCorrectErrorCode" classname="com.cloudacademy.bitcoin.ConverterSvcTest" time="0.001"/>
  <testcase name="convertBitcoins_NegativeBitCoinsToUSD_ThrowsException" classname="com.cloudacademy.bitcoin.ConverterSvcTest" time="0.001"/>
  <testcase name="convertBitcoins_1BitCoinToUSD_ReturnsUSDDollars" classname="com.cloudacademy.bitcoin.ConverterSvcTest" time="0.001"/>
  <testcase name="convertBitcoins_2BitCoinToUSD_ReturnsUSDDollars" classname="com.cloudacademy.bitcoin.ConverterSvcTest" time="0.001"/>
  <testcase name="convertBitcoins_1BitCoinToGBP_ReturnsGBPDollars" classname="com.cloudacademy.bitcoin.ConverterSvcTest" time="0.001"/>
  <testcase name="getExchangeRate_EUR_ReturnsEURExchangeRate" classname="com.cloudacademy.bitcoin.ConverterSvcTest" time="0.001"/>
  <testcase name="convertBitcoins_2BitCoinToGBP_ReturnsGBPDollars" classname="com.cloudacademy.bitcoin.ConverterSvcTest" time="0.001"/>
  <testcase name="getExchangeRate_USD_ReturnsUSDExchangeRate" classname="com.cloudacademy.bitcoin.ConverterSvcTest" time="0.001"/>
  <testcase name="convertBitcoins_0BitCoinToUSD_ReturnsZeroUSDDollars" classname="com.cloudacademy.bitcoin.ConverterSvcTest" time="0.001"/>
</testsuite>